<?xml version="1.0" encoding="UTF-8"?>
<testsuite xmlns:xsi="http://www.w3.org/2001/XMLSchema-instance" xsi:noNamespaceSchemaLocation="https://maven.apache.org/surefire/maven-surefire-plugin/xsd/surefire-test-report-3.0.xsd" version="3.0" name="com.github.nazdov.slideshow.service.AddSlideshowServiceTest" time="26.452" tests="3" errors="0" skipped="0" failures="0">
  <properties>
    <property name="java.specification.version" value="23"/>
    <property name="sun.jnu.encoding" value="UTF-8"/>
    <property name="java.class.path" value="/Users/mac/Desktop/slideshow-management/add-slideshow-api/target/test-classes:/Users/mac/Desktop/slideshow-management/add-slideshow-api/target/classes:/Users/mac/Desktop/slideshow-management/shared-library/target/shared-library-1.0-SNAPSHOT.jar:/Users/mac/.m2/repository/org/springframework/boot/spring-boot-starter/3.1.5/spring-boot-starter-3.1.5.jar:/Users/mac/.m2/repository/org/springframework/boot/spring-boot-starter-logging/3.1.5/spring-boot-starter-logging-3.1.5.jar:/Users/mac/.m2/repository/ch/qos/logback/logback-classic/1.4.11/logback-classic-1.4.11.jar:/Users/mac/.m2/repository/ch/qos/logback/logback-core/1.4.11/logback-core-1.4.11.jar:/Users/mac/.m2/repository/org/apache/logging/log4j/log4j-to-slf4j/2.20.0/log4j-to-slf4j-2.20.0.jar:/Users/mac/.m2/repository/org/apache/logging/log4j/log4j-api/2.20.0/log4j-api-2.20.0.jar:/Users/mac/.m2/repository/org/slf4j/jul-to-slf4j/2.0.9/jul-to-slf4j-2.0.9.jar:/Users/mac/.m2/repository/jakarta/annotation/jakarta.annotation-api/2.1.1/jakarta.annotation-api-2.1.1.jar:/Users/mac/.m2/repository/org/yaml/snakeyaml/1.33/snakeyaml-1.33.jar:/Users/mac/.m2/repository/org/springframework/boot/spring-boot-starter-webflux/3.1.5/spring-boot-starter-webflux-3.1.5.jar:/Users/mac/.m2/repository/org/springframework/boot/spring-boot-starter-json/3.1.5/spring-boot-starter-json-3.1.5.jar:/Users/mac/.m2/repository/com/fasterxml/jackson/datatype/jackson-datatype-jdk8/2.15.3/jackson-datatype-jdk8-2.15.3.jar:/Users/mac/.m2/repository/com/fasterxml/jackson/datatype/jackson-datatype-jsr310/2.15.3/jackson-datatype-jsr310-2.15.3.jar:/Users/mac/.m2/repository/com/fasterxml/jackson/module/jackson-module-parameter-names/2.15.3/jackson-module-parameter-names-2.15.3.jar:/Users/mac/.m2/repository/org/springframework/boot/spring-boot-starter-reactor-netty/3.1.5/spring-boot-starter-reactor-netty-3.1.5.jar:/Users/mac/.m2/repository/io/projectreactor/netty/reactor-netty-http/1.1.12/reactor-netty-http-1.1.12.jar:/Users/mac/.m2/repository/io/netty/netty-codec-http/4.1.100.Final/netty-codec-http-4.1.100.Final.jar:/Users/mac/.m2/repository/io/netty/netty-codec-http2/4.1.100.Final/netty-codec-http2-4.1.100.Final.jar:/Users/mac/.m2/repository/io/netty/netty-resolver-dns-native-macos/4.1.100.Final/netty-resolver-dns-native-macos-4.1.100.Final-osx-x86_64.jar:/Users/mac/.m2/repository/io/netty/netty-transport-native-epoll/4.1.100.Final/netty-transport-native-epoll-4.1.100.Final-linux-x86_64.jar:/Users/mac/.m2/repository/io/netty/netty-transport-classes-epoll/4.1.100.Final/netty-transport-classes-epoll-4.1.100.Final.jar:/Users/mac/.m2/repository/org/springframework/spring-web/6.0.13/spring-web-6.0.13.jar:/Users/mac/.m2/repository/org/springframework/spring-beans/6.0.13/spring-beans-6.0.13.jar:/Users/mac/.m2/repository/org/springframework/spring-webflux/6.0.13/spring-webflux-6.0.13.jar:/Users/mac/.m2/repository/org/springframework/boot/spring-boot-starter-data-r2dbc/3.1.5/spring-boot-starter-data-r2dbc-3.1.5.jar:/Users/mac/.m2/repository/org/springframework/data/spring-data-r2dbc/3.1.5/spring-data-r2dbc-3.1.5.jar:/Users/mac/.m2/repository/org/springframework/data/spring-data-relational/3.1.5/spring-data-relational-3.1.5.jar:/Users/mac/.m2/repository/org/springframework/data/spring-data-commons/3.1.5/spring-data-commons-3.1.5.jar:/Users/mac/.m2/repository/org/springframework/spring-jdbc/6.0.13/spring-jdbc-6.0.13.jar:/Users/mac/.m2/repository/org/springframework/spring-r2dbc/6.0.13/spring-r2dbc-6.0.13.jar:/Users/mac/.m2/repository/io/r2dbc/r2dbc-spi/1.0.0.RELEASE/r2dbc-spi-1.0.0.RELEASE.jar:/Users/mac/.m2/repository/io/r2dbc/r2dbc-pool/1.0.1.RELEASE/r2dbc-pool-1.0.1.RELEASE.jar:/Users/mac/.m2/repository/io/projectreactor/addons/reactor-pool/1.0.3/reactor-pool-1.0.3.jar:/Users/mac/.m2/repository/com/mysql/mysql-connector-j/8.0.33/mysql-connector-j-8.0.33.jar:/Users/mac/.m2/repository/io/asyncer/r2dbc-mysql/1.0.5/r2dbc-mysql-1.0.5.jar:/Users/mac/.m2/repository/io/projectreactor/netty/reactor-netty/1.1.12/reactor-netty-1.1.12.jar:/Users/mac/.m2/repository/io/projectreactor/netty/reactor-netty-core/1.1.12/reactor-netty-core-1.1.12.jar:/Users/mac/.m2/repository/io/netty/netty-handler-proxy/4.1.100.Final/netty-handler-proxy-4.1.100.Final.jar:/Users/mac/.m2/repository/io/netty/netty-codec-socks/4.1.100.Final/netty-codec-socks-4.1.100.Final.jar:/Users/mac/.m2/repository/io/projectreactor/netty/incubator/reactor-netty-incubator-quic/0.1.12/reactor-netty-incubator-quic-0.1.12.jar:/Users/mac/.m2/repository/io/netty/incubator/netty-incubator-codec-native-quic/0.0.51.Final/netty-incubator-codec-native-quic-0.0.51.Final-linux-x86_64.jar:/Users/mac/.m2/repository/io/netty/incubator/netty-incubator-codec-classes-quic/0.0.51.Final/netty-incubator-codec-classes-quic-0.0.51.Final.jar:/Users/mac/.m2/repository/org/flywaydb/flyway-core/9.16.3/flyway-core-9.16.3.jar:/Users/mac/.m2/repository/com/fasterxml/jackson/dataformat/jackson-dataformat-toml/2.15.3/jackson-dataformat-toml-2.15.3.jar:/Users/mac/.m2/repository/com/fasterxml/jackson/core/jackson-core/2.15.3/jackson-core-2.15.3.jar:/Users/mac/.m2/repository/org/apache/commons/commons-text/1.10.0/commons-text-1.10.0.jar:/Users/mac/.m2/repository/org/flywaydb/flyway-mysql/9.16.3/flyway-mysql-9.16.3.jar:/Users/mac/.m2/repository/io/jsonwebtoken/jjwt/0.9.1/jjwt-0.9.1.jar:/Users/mac/.m2/repository/com/fasterxml/jackson/core/jackson-databind/2.15.3/jackson-databind-2.15.3.jar:/Users/mac/.m2/repository/com/fasterxml/jackson/core/jackson-annotations/2.15.3/jackson-annotations-2.15.3.jar:/Users/mac/.m2/repository/org/apache/commons/commons-lang3/3.12.0/commons-lang3-3.12.0.jar:/Users/mac/.m2/repository/org/springframework/kafka/spring-kafka/3.0.12/spring-kafka-3.0.12.jar:/Users/mac/.m2/repository/org/springframework/spring-context/6.0.13/spring-context-6.0.13.jar:/Users/mac/.m2/repository/org/springframework/spring-aop/6.0.13/spring-aop-6.0.13.jar:/Users/mac/.m2/repository/org/springframework/spring-expression/6.0.13/spring-expression-6.0.13.jar:/Users/mac/.m2/repository/org/springframework/spring-messaging/6.0.13/spring-messaging-6.0.13.jar:/Users/mac/.m2/repository/org/springframework/spring-tx/6.0.13/spring-tx-6.0.13.jar:/Users/mac/.m2/repository/org/springframework/retry/spring-retry/2.0.4/spring-retry-2.0.4.jar:/Users/mac/.m2/repository/io/micrometer/micrometer-observation/1.11.5/micrometer-observation-1.11.5.jar:/Users/mac/.m2/repository/io/micrometer/micrometer-commons/1.11.5/micrometer-commons-1.11.5.jar:/Users/mac/.m2/repository/com/google/code/findbugs/jsr305/3.0.2/jsr305-3.0.2.jar:/Users/mac/.m2/repository/io/projectreactor/kafka/reactor-kafka/1.3.21/reactor-kafka-1.3.21.jar:/Users/mac/.m2/repository/org/apache/kafka/kafka-clients/3.4.1/kafka-clients-3.4.1.jar:/Users/mac/.m2/repository/com/github/luben/zstd-jni/1.5.2-1/zstd-jni-1.5.2-1.jar:/Users/mac/.m2/repository/org/lz4/lz4-java/1.8.0/lz4-java-1.8.0.jar:/Users/mac/.m2/repository/org/xerial/snappy/snappy-java/1.1.8.4/snappy-java-1.1.8.4.jar:/Users/mac/.m2/repository/org/slf4j/slf4j-api/2.0.9/slf4j-api-2.0.9.jar:/Users/mac/.m2/repository/org/springdoc/springdoc-openapi-starter-webflux-ui/2.6.0/springdoc-openapi-starter-webflux-ui-2.6.0.jar:/Users/mac/.m2/repository/org/springdoc/springdoc-openapi-starter-webflux-api/2.6.0/springdoc-openapi-starter-webflux-api-2.6.0.jar:/Users/mac/.m2/repository/org/springdoc/springdoc-openapi-starter-common/2.6.0/springdoc-openapi-starter-common-2.6.0.jar:/Users/mac/.m2/repository/io/swagger/core/v3/swagger-core-jakarta/2.2.22/swagger-core-jakarta-2.2.22.jar:/Users/mac/.m2/repository/io/swagger/core/v3/swagger-annotations-jakarta/2.2.22/swagger-annotations-jakarta-2.2.22.jar:/Users/mac/.m2/repository/io/swagger/core/v3/swagger-models-jakarta/2.2.22/swagger-models-jakarta-2.2.22.jar:/Users/mac/.m2/repository/jakarta/validation/jakarta.validation-api/3.0.2/jakarta.validation-api-3.0.2.jar:/Users/mac/.m2/repository/com/fasterxml/jackson/dataformat/jackson-dataformat-yaml/2.15.3/jackson-dataformat-yaml-2.15.3.jar:/Users/mac/.m2/repository/org/webjars/swagger-ui/5.17.14/swagger-ui-5.17.14.jar:/Users/mac/.m2/repository/org/springframework/boot/spring-boot-starter-test/3.1.5/spring-boot-starter-test-3.1.5.jar:/Users/mac/.m2/repository/org/springframework/boot/spring-boot-test/3.1.5/spring-boot-test-3.1.5.jar:/Users/mac/.m2/repository/org/springframework/boot/spring-boot-test-autoconfigure/3.1.5/spring-boot-test-autoconfigure-3.1.5.jar:/Users/mac/.m2/repository/com/jayway/jsonpath/json-path/2.8.0/json-path-2.8.0.jar:/Users/mac/.m2/repository/jakarta/xml/bind/jakarta.xml.bind-api/4.0.1/jakarta.xml.bind-api-4.0.1.jar:/Users/mac/.m2/repository/jakarta/activation/jakarta.activation-api/2.1.2/jakarta.activation-api-2.1.2.jar:/Users/mac/.m2/repository/net/minidev/json-smart/2.4.11/json-smart-2.4.11.jar:/Users/mac/.m2/repository/net/minidev/accessors-smart/2.4.11/accessors-smart-2.4.11.jar:/Users/mac/.m2/repository/org/ow2/asm/asm/9.3/asm-9.3.jar:/Users/mac/.m2/repository/org/assertj/assertj-core/3.24.2/assertj-core-3.24.2.jar:/Users/mac/.m2/repository/org/hamcrest/hamcrest/2.2/hamcrest-2.2.jar:/Users/mac/.m2/repository/org/junit/jupiter/junit-jupiter/5.9.3/junit-jupiter-5.9.3.jar:/Users/mac/.m2/repository/org/junit/jupiter/junit-jupiter-api/5.9.3/junit-jupiter-api-5.9.3.jar:/Users/mac/.m2/repository/org/opentest4j/opentest4j/1.2.0/opentest4j-1.2.0.jar:/Users/mac/.m2/repository/org/junit/platform/junit-platform-commons/1.9.3/junit-platform-commons-1.9.3.jar:/Users/mac/.m2/repository/org/apiguardian/apiguardian-api/1.1.2/apiguardian-api-1.1.2.jar:/Users/mac/.m2/repository/org/junit/jupiter/junit-jupiter-params/5.9.3/junit-jupiter-params-5.9.3.jar:/Users/mac/.m2/repository/org/junit/jupiter/junit-jupiter-engine/5.9.3/junit-jupiter-engine-5.9.3.jar:/Users/mac/.m2/repository/org/junit/platform/junit-platform-engine/1.9.3/junit-platform-engine-1.9.3.jar:/Users/mac/.m2/repository/org/mockito/mockito-junit-jupiter/5.3.1/mockito-junit-jupiter-5.3.1.jar:/Users/mac/.m2/repository/org/skyscreamer/jsonassert/1.5.1/jsonassert-1.5.1.jar:/Users/mac/.m2/repository/com/vaadin/external/google/android-json/0.0.20131108.vaadin1/android-json-0.0.20131108.vaadin1.jar:/Users/mac/.m2/repository/org/springframework/spring-core/6.0.13/spring-core-6.0.13.jar:/Users/mac/.m2/repository/org/springframework/spring-jcl/6.0.13/spring-jcl-6.0.13.jar:/Users/mac/.m2/repository/org/springframework/spring-test/6.0.13/spring-test-6.0.13.jar:/Users/mac/.m2/repository/org/xmlunit/xmlunit-core/2.9.1/xmlunit-core-2.9.1.jar:/Users/mac/.m2/repository/org/testcontainers/mysql/1.18.3/mysql-1.18.3.jar:/Users/mac/.m2/repository/org/testcontainers/jdbc/1.18.3/jdbc-1.18.3.jar:/Users/mac/.m2/repository/org/testcontainers/database-commons/1.18.3/database-commons-1.18.3.jar:/Users/mac/.m2/repository/org/testcontainers/junit-jupiter/1.18.3/junit-jupiter-1.18.3.jar:/Users/mac/.m2/repository/org/testcontainers/testcontainers/1.18.3/testcontainers-1.18.3.jar:/Users/mac/.m2/repository/junit/junit/4.13.2/junit-4.13.2.jar:/Users/mac/.m2/repository/org/hamcrest/hamcrest-core/2.2/hamcrest-core-2.2.jar:/Users/mac/.m2/repository/org/apache/commons/commons-compress/1.23.0/commons-compress-1.23.0.jar:/Users/mac/.m2/repository/org/rnorth/duct-tape/duct-tape/1.0.8/duct-tape-1.0.8.jar:/Users/mac/.m2/repository/org/jetbrains/annotations/17.0.0/annotations-17.0.0.jar:/Users/mac/.m2/repository/com/github/docker-java/docker-java-api/3.3.0/docker-java-api-3.3.0.jar:/Users/mac/.m2/repository/com/github/docker-java/docker-java-transport-zerodep/3.3.0/docker-java-transport-zerodep-3.3.0.jar:/Users/mac/.m2/repository/com/github/docker-java/docker-java-transport/3.3.0/docker-java-transport-3.3.0.jar:/Users/mac/.m2/repository/net/java/dev/jna/jna/5.12.1/jna-5.12.1.jar:/Users/mac/.m2/repository/org/mockito/mockito-core/4.5.1/mockito-core-4.5.1.jar:/Users/mac/.m2/repository/org/objenesis/objenesis/3.2/objenesis-3.2.jar:/Users/mac/.m2/repository/net/bytebuddy/byte-buddy/1.12.12/byte-buddy-1.12.12.jar:/Users/mac/.m2/repository/io/projectreactor/reactor-test/3.5.11/reactor-test-3.5.11.jar:/Users/mac/.m2/repository/io/projectreactor/reactor-core/3.5.11/reactor-core-3.5.11.jar:/Users/mac/.m2/repository/org/reactivestreams/reactive-streams/1.0.4/reactive-streams-1.0.4.jar:/Users/mac/.m2/repository/io/netty/netty-resolver-dns-native-macos/4.1.115.Final/netty-resolver-dns-native-macos-4.1.115.Final.jar:/Users/mac/.m2/repository/io/netty/netty-resolver-dns-classes-macos/4.1.100.Final/netty-resolver-dns-classes-macos-4.1.100.Final.jar:/Users/mac/.m2/repository/io/netty/netty-common/4.1.100.Final/netty-common-4.1.100.Final.jar:/Users/mac/.m2/repository/io/netty/netty-resolver-dns/4.1.100.Final/netty-resolver-dns-4.1.100.Final.jar:/Users/mac/.m2/repository/io/netty/netty-buffer/4.1.100.Final/netty-buffer-4.1.100.Final.jar:/Users/mac/.m2/repository/io/netty/netty-resolver/4.1.100.Final/netty-resolver-4.1.100.Final.jar:/Users/mac/.m2/repository/io/netty/netty-transport/4.1.100.Final/netty-transport-4.1.100.Final.jar:/Users/mac/.m2/repository/io/netty/netty-codec/4.1.100.Final/netty-codec-4.1.100.Final.jar:/Users/mac/.m2/repository/io/netty/netty-codec-dns/4.1.100.Final/netty-codec-dns-4.1.100.Final.jar:/Users/mac/.m2/repository/io/netty/netty-handler/4.1.100.Final/netty-handler-4.1.100.Final.jar:/Users/mac/.m2/repository/io/netty/netty-transport-native-unix-common/4.1.100.Final/netty-transport-native-unix-common-4.1.100.Final.jar:/Users/mac/.m2/repository/org/springframework/boot/spring-boot-autoconfigure/3.1.5/spring-boot-autoconfigure-3.1.5.jar:/Users/mac/.m2/repository/org/springframework/boot/spring-boot/3.1.5/spring-boot-3.1.5.jar:/Users/mac/.m2/repository/org/springframework/boot/spring-boot-configuration-processor/3.1.5/spring-boot-configuration-processor-3.1.5.jar:/Users/mac/.m2/repository/org/projectlombok/lombok/1.18.30/lombok-1.18.30.jar:"/>
    <property name="java.vm.vendor" value="Homebrew"/>
    <property name="sun.arch.data.model" value="64"/>
    <property name="java.vendor.url" value="https://github.com/Homebrew/homebrew-core/issues"/>
    <property name="user.timezone" value="Europe/Kiev"/>
    <property name="os.name" value="Mac OS X"/>
    <property name="java.vm.specification.version" value="23"/>
    <property name="sun.java.launcher" value="SUN_STANDARD"/>
    <property name="user.country" value="UA"/>
    <property name="sun.boot.library.path" value="/opt/homebrew/Cellar/openjdk/23.0.1/libexec/openjdk.jdk/Contents/Home/lib"/>
    <property name="sun.java.command" value="/Users/mac/Desktop/slideshow-management/add-slideshow-api/target/surefire/surefirebooter-20241228222739263_17.jar /Users/mac/Desktop/slideshow-management/add-slideshow-api/target/surefire 2024-12-28T22-26-38_032-jvmRun1 surefire-20241228222739263_15tmp surefire_2-20241228222739263_16tmp"/>
    <property name="http.nonProxyHosts" value="local|*.local|169.254/16|*.169.254/16"/>
    <property name="jdk.debug" value="release"/>
    <property name="surefire.test.class.path" value="/Users/mac/Desktop/slideshow-management/add-slideshow-api/target/test-classes:/Users/mac/Desktop/slideshow-management/add-slideshow-api/target/classes:/Users/mac/Desktop/slideshow-management/shared-library/target/shared-library-1.0-SNAPSHOT.jar:/Users/mac/.m2/repository/org/springframework/boot/spring-boot-starter/3.1.5/spring-boot-starter-3.1.5.jar:/Users/mac/.m2/repository/org/springframework/boot/spring-boot-starter-logging/3.1.5/spring-boot-starter-logging-3.1.5.jar:/Users/mac/.m2/repository/ch/qos/logback/logback-classic/1.4.11/logback-classic-1.4.11.jar:/Users/mac/.m2/repository/ch/qos/logback/logback-core/1.4.11/logback-core-1.4.11.jar:/Users/mac/.m2/repository/org/apache/logging/log4j/log4j-to-slf4j/2.20.0/log4j-to-slf4j-2.20.0.jar:/Users/mac/.m2/repository/org/apache/logging/log4j/log4j-api/2.20.0/log4j-api-2.20.0.jar:/Users/mac/.m2/repository/org/slf4j/jul-to-slf4j/2.0.9/jul-to-slf4j-2.0.9.jar:/Users/mac/.m2/repository/jakarta/annotation/jakarta.annotation-api/2.1.1/jakarta.annotation-api-2.1.1.jar:/Users/mac/.m2/repository/org/yaml/snakeyaml/1.33/snakeyaml-1.33.jar:/Users/mac/.m2/repository/org/springframework/boot/spring-boot-starter-webflux/3.1.5/spring-boot-starter-webflux-3.1.5.jar:/Users/mac/.m2/repository/org/springframework/boot/spring-boot-starter-json/3.1.5/spring-boot-starter-json-3.1.5.jar:/Users/mac/.m2/repository/com/fasterxml/jackson/datatype/jackson-datatype-jdk8/2.15.3/jackson-datatype-jdk8-2.15.3.jar:/Users/mac/.m2/repository/com/fasterxml/jackson/datatype/jackson-datatype-jsr310/2.15.3/jackson-datatype-jsr310-2.15.3.jar:/Users/mac/.m2/repository/com/fasterxml/jackson/module/jackson-module-parameter-names/2.15.3/jackson-module-parameter-names-2.15.3.jar:/Users/mac/.m2/repository/org/springframework/boot/spring-boot-starter-reactor-netty/3.1.5/spring-boot-starter-reactor-netty-3.1.5.jar:/Users/mac/.m2/repository/io/projectreactor/netty/reactor-netty-http/1.1.12/reactor-netty-http-1.1.12.jar:/Users/mac/.m2/repository/io/netty/netty-codec-http/4.1.100.Final/netty-codec-http-4.1.100.Final.jar:/Users/mac/.m2/repository/io/netty/netty-codec-http2/4.1.100.Final/netty-codec-http2-4.1.100.Final.jar:/Users/mac/.m2/repository/io/netty/netty-resolver-dns-native-macos/4.1.100.Final/netty-resolver-dns-native-macos-4.1.100.Final-osx-x86_64.jar:/Users/mac/.m2/repository/io/netty/netty-transport-native-epoll/4.1.100.Final/netty-transport-native-epoll-4.1.100.Final-linux-x86_64.jar:/Users/mac/.m2/repository/io/netty/netty-transport-classes-epoll/4.1.100.Final/netty-transport-classes-epoll-4.1.100.Final.jar:/Users/mac/.m2/repository/org/springframework/spring-web/6.0.13/spring-web-6.0.13.jar:/Users/mac/.m2/repository/org/springframework/spring-beans/6.0.13/spring-beans-6.0.13.jar:/Users/mac/.m2/repository/org/springframework/spring-webflux/6.0.13/spring-webflux-6.0.13.jar:/Users/mac/.m2/repository/org/springframework/boot/spring-boot-starter-data-r2dbc/3.1.5/spring-boot-starter-data-r2dbc-3.1.5.jar:/Users/mac/.m2/repository/org/springframework/data/spring-data-r2dbc/3.1.5/spring-data-r2dbc-3.1.5.jar:/Users/mac/.m2/repository/org/springframework/data/spring-data-relational/3.1.5/spring-data-relational-3.1.5.jar:/Users/mac/.m2/repository/org/springframework/data/spring-data-commons/3.1.5/spring-data-commons-3.1.5.jar:/Users/mac/.m2/repository/org/springframework/spring-jdbc/6.0.13/spring-jdbc-6.0.13.jar:/Users/mac/.m2/repository/org/springframework/spring-r2dbc/6.0.13/spring-r2dbc-6.0.13.jar:/Users/mac/.m2/repository/io/r2dbc/r2dbc-spi/1.0.0.RELEASE/r2dbc-spi-1.0.0.RELEASE.jar:/Users/mac/.m2/repository/io/r2dbc/r2dbc-pool/1.0.1.RELEASE/r2dbc-pool-1.0.1.RELEASE.jar:/Users/mac/.m2/repository/io/projectreactor/addons/reactor-pool/1.0.3/reactor-pool-1.0.3.jar:/Users/mac/.m2/repository/com/mysql/mysql-connector-j/8.0.33/mysql-connector-j-8.0.33.jar:/Users/mac/.m2/repository/io/asyncer/r2dbc-mysql/1.0.5/r2dbc-mysql-1.0.5.jar:/Users/mac/.m2/repository/io/projectreactor/netty/reactor-netty/1.1.12/reactor-netty-1.1.12.jar:/Users/mac/.m2/repository/io/projectreactor/netty/reactor-netty-core/1.1.12/reactor-netty-core-1.1.12.jar:/Users/mac/.m2/repository/io/netty/netty-handler-proxy/4.1.100.Final/netty-handler-proxy-4.1.100.Final.jar:/Users/mac/.m2/repository/io/netty/netty-codec-socks/4.1.100.Final/netty-codec-socks-4.1.100.Final.jar:/Users/mac/.m2/repository/io/projectreactor/netty/incubator/reactor-netty-incubator-quic/0.1.12/reactor-netty-incubator-quic-0.1.12.jar:/Users/mac/.m2/repository/io/netty/incubator/netty-incubator-codec-native-quic/0.0.51.Final/netty-incubator-codec-native-quic-0.0.51.Final-linux-x86_64.jar:/Users/mac/.m2/repository/io/netty/incubator/netty-incubator-codec-classes-quic/0.0.51.Final/netty-incubator-codec-classes-quic-0.0.51.Final.jar:/Users/mac/.m2/repository/org/flywaydb/flyway-core/9.16.3/flyway-core-9.16.3.jar:/Users/mac/.m2/repository/com/fasterxml/jackson/dataformat/jackson-dataformat-toml/2.15.3/jackson-dataformat-toml-2.15.3.jar:/Users/mac/.m2/repository/com/fasterxml/jackson/core/jackson-core/2.15.3/jackson-core-2.15.3.jar:/Users/mac/.m2/repository/org/apache/commons/commons-text/1.10.0/commons-text-1.10.0.jar:/Users/mac/.m2/repository/org/flywaydb/flyway-mysql/9.16.3/flyway-mysql-9.16.3.jar:/Users/mac/.m2/repository/io/jsonwebtoken/jjwt/0.9.1/jjwt-0.9.1.jar:/Users/mac/.m2/repository/com/fasterxml/jackson/core/jackson-databind/2.15.3/jackson-databind-2.15.3.jar:/Users/mac/.m2/repository/com/fasterxml/jackson/core/jackson-annotations/2.15.3/jackson-annotations-2.15.3.jar:/Users/mac/.m2/repository/org/apache/commons/commons-lang3/3.12.0/commons-lang3-3.12.0.jar:/Users/mac/.m2/repository/org/springframework/kafka/spring-kafka/3.0.12/spring-kafka-3.0.12.jar:/Users/mac/.m2/repository/org/springframework/spring-context/6.0.13/spring-context-6.0.13.jar:/Users/mac/.m2/repository/org/springframework/spring-aop/6.0.13/spring-aop-6.0.13.jar:/Users/mac/.m2/repository/org/springframework/spring-expression/6.0.13/spring-expression-6.0.13.jar:/Users/mac/.m2/repository/org/springframework/spring-messaging/6.0.13/spring-messaging-6.0.13.jar:/Users/mac/.m2/repository/org/springframework/spring-tx/6.0.13/spring-tx-6.0.13.jar:/Users/mac/.m2/repository/org/springframework/retry/spring-retry/2.0.4/spring-retry-2.0.4.jar:/Users/mac/.m2/repository/io/micrometer/micrometer-observation/1.11.5/micrometer-observation-1.11.5.jar:/Users/mac/.m2/repository/io/micrometer/micrometer-commons/1.11.5/micrometer-commons-1.11.5.jar:/Users/mac/.m2/repository/com/google/code/findbugs/jsr305/3.0.2/jsr305-3.0.2.jar:/Users/mac/.m2/repository/io/projectreactor/kafka/reactor-kafka/1.3.21/reactor-kafka-1.3.21.jar:/Users/mac/.m2/repository/org/apache/kafka/kafka-clients/3.4.1/kafka-clients-3.4.1.jar:/Users/mac/.m2/repository/com/github/luben/zstd-jni/1.5.2-1/zstd-jni-1.5.2-1.jar:/Users/mac/.m2/repository/org/lz4/lz4-java/1.8.0/lz4-java-1.8.0.jar:/Users/mac/.m2/repository/org/xerial/snappy/snappy-java/1.1.8.4/snappy-java-1.1.8.4.jar:/Users/mac/.m2/repository/org/slf4j/slf4j-api/2.0.9/slf4j-api-2.0.9.jar:/Users/mac/.m2/repository/org/springdoc/springdoc-openapi-starter-webflux-ui/2.6.0/springdoc-openapi-starter-webflux-ui-2.6.0.jar:/Users/mac/.m2/repository/org/springdoc/springdoc-openapi-starter-webflux-api/2.6.0/springdoc-openapi-starter-webflux-api-2.6.0.jar:/Users/mac/.m2/repository/org/springdoc/springdoc-openapi-starter-common/2.6.0/springdoc-openapi-starter-common-2.6.0.jar:/Users/mac/.m2/repository/io/swagger/core/v3/swagger-core-jakarta/2.2.22/swagger-core-jakarta-2.2.22.jar:/Users/mac/.m2/repository/io/swagger/core/v3/swagger-annotations-jakarta/2.2.22/swagger-annotations-jakarta-2.2.22.jar:/Users/mac/.m2/repository/io/swagger/core/v3/swagger-models-jakarta/2.2.22/swagger-models-jakarta-2.2.22.jar:/Users/mac/.m2/repository/jakarta/validation/jakarta.validation-api/3.0.2/jakarta.validation-api-3.0.2.jar:/Users/mac/.m2/repository/com/fasterxml/jackson/dataformat/jackson-dataformat-yaml/2.15.3/jackson-dataformat-yaml-2.15.3.jar:/Users/mac/.m2/repository/org/webjars/swagger-ui/5.17.14/swagger-ui-5.17.14.jar:/Users/mac/.m2/repository/org/springframework/boot/spring-boot-starter-test/3.1.5/spring-boot-starter-test-3.1.5.jar:/Users/mac/.m2/repository/org/springframework/boot/spring-boot-test/3.1.5/spring-boot-test-3.1.5.jar:/Users/mac/.m2/repository/org/springframework/boot/spring-boot-test-autoconfigure/3.1.5/spring-boot-test-autoconfigure-3.1.5.jar:/Users/mac/.m2/repository/com/jayway/jsonpath/json-path/2.8.0/json-path-2.8.0.jar:/Users/mac/.m2/repository/jakarta/xml/bind/jakarta.xml.bind-api/4.0.1/jakarta.xml.bind-api-4.0.1.jar:/Users/mac/.m2/repository/jakarta/activation/jakarta.activation-api/2.1.2/jakarta.activation-api-2.1.2.jar:/Users/mac/.m2/repository/net/minidev/json-smart/2.4.11/json-smart-2.4.11.jar:/Users/mac/.m2/repository/net/minidev/accessors-smart/2.4.11/accessors-smart-2.4.11.jar:/Users/mac/.m2/repository/org/ow2/asm/asm/9.3/asm-9.3.jar:/Users/mac/.m2/repository/org/assertj/assertj-core/3.24.2/assertj-core-3.24.2.jar:/Users/mac/.m2/repository/org/hamcrest/hamcrest/2.2/hamcrest-2.2.jar:/Users/mac/.m2/repository/org/junit/jupiter/junit-jupiter/5.9.3/junit-jupiter-5.9.3.jar:/Users/mac/.m2/repository/org/junit/jupiter/junit-jupiter-api/5.9.3/junit-jupiter-api-5.9.3.jar:/Users/mac/.m2/repository/org/opentest4j/opentest4j/1.2.0/opentest4j-1.2.0.jar:/Users/mac/.m2/repository/org/junit/platform/junit-platform-commons/1.9.3/junit-platform-commons-1.9.3.jar:/Users/mac/.m2/repository/org/apiguardian/apiguardian-api/1.1.2/apiguardian-api-1.1.2.jar:/Users/mac/.m2/repository/org/junit/jupiter/junit-jupiter-params/5.9.3/junit-jupiter-params-5.9.3.jar:/Users/mac/.m2/repository/org/junit/jupiter/junit-jupiter-engine/5.9.3/junit-jupiter-engine-5.9.3.jar:/Users/mac/.m2/repository/org/junit/platform/junit-platform-engine/1.9.3/junit-platform-engine-1.9.3.jar:/Users/mac/.m2/repository/org/mockito/mockito-junit-jupiter/5.3.1/mockito-junit-jupiter-5.3.1.jar:/Users/mac/.m2/repository/org/skyscreamer/jsonassert/1.5.1/jsonassert-1.5.1.jar:/Users/mac/.m2/repository/com/vaadin/external/google/android-json/0.0.20131108.vaadin1/android-json-0.0.20131108.vaadin1.jar:/Users/mac/.m2/repository/org/springframework/spring-core/6.0.13/spring-core-6.0.13.jar:/Users/mac/.m2/repository/org/springframework/spring-jcl/6.0.13/spring-jcl-6.0.13.jar:/Users/mac/.m2/repository/org/springframework/spring-test/6.0.13/spring-test-6.0.13.jar:/Users/mac/.m2/repository/org/xmlunit/xmlunit-core/2.9.1/xmlunit-core-2.9.1.jar:/Users/mac/.m2/repository/org/testcontainers/mysql/1.18.3/mysql-1.18.3.jar:/Users/mac/.m2/repository/org/testcontainers/jdbc/1.18.3/jdbc-1.18.3.jar:/Users/mac/.m2/repository/org/testcontainers/database-commons/1.18.3/database-commons-1.18.3.jar:/Users/mac/.m2/repository/org/testcontainers/junit-jupiter/1.18.3/junit-jupiter-1.18.3.jar:/Users/mac/.m2/repository/org/testcontainers/testcontainers/1.18.3/testcontainers-1.18.3.jar:/Users/mac/.m2/repository/junit/junit/4.13.2/junit-4.13.2.jar:/Users/mac/.m2/repository/org/hamcrest/hamcrest-core/2.2/hamcrest-core-2.2.jar:/Users/mac/.m2/repository/org/apache/commons/commons-compress/1.23.0/commons-compress-1.23.0.jar:/Users/mac/.m2/repository/org/rnorth/duct-tape/duct-tape/1.0.8/duct-tape-1.0.8.jar:/Users/mac/.m2/repository/org/jetbrains/annotations/17.0.0/annotations-17.0.0.jar:/Users/mac/.m2/repository/com/github/docker-java/docker-java-api/3.3.0/docker-java-api-3.3.0.jar:/Users/mac/.m2/repository/com/github/docker-java/docker-java-transport-zerodep/3.3.0/docker-java-transport-zerodep-3.3.0.jar:/Users/mac/.m2/repository/com/github/docker-java/docker-java-transport/3.3.0/docker-java-transport-3.3.0.jar:/Users/mac/.m2/repository/net/java/dev/jna/jna/5.12.1/jna-5.12.1.jar:/Users/mac/.m2/repository/org/mockito/mockito-core/4.5.1/mockito-core-4.5.1.jar:/Users/mac/.m2/repository/org/objenesis/objenesis/3.2/objenesis-3.2.jar:/Users/mac/.m2/repository/net/bytebuddy/byte-buddy/1.12.12/byte-buddy-1.12.12.jar:/Users/mac/.m2/repository/io/projectreactor/reactor-test/3.5.11/reactor-test-3.5.11.jar:/Users/mac/.m2/repository/io/projectreactor/reactor-core/3.5.11/reactor-core-3.5.11.jar:/Users/mac/.m2/repository/org/reactivestreams/reactive-streams/1.0.4/reactive-streams-1.0.4.jar:/Users/mac/.m2/repository/io/netty/netty-resolver-dns-native-macos/4.1.115.Final/netty-resolver-dns-native-macos-4.1.115.Final.jar:/Users/mac/.m2/repository/io/netty/netty-resolver-dns-classes-macos/4.1.100.Final/netty-resolver-dns-classes-macos-4.1.100.Final.jar:/Users/mac/.m2/repository/io/netty/netty-common/4.1.100.Final/netty-common-4.1.100.Final.jar:/Users/mac/.m2/repository/io/netty/netty-resolver-dns/4.1.100.Final/netty-resolver-dns-4.1.100.Final.jar:/Users/mac/.m2/repository/io/netty/netty-buffer/4.1.100.Final/netty-buffer-4.1.100.Final.jar:/Users/mac/.m2/repository/io/netty/netty-resolver/4.1.100.Final/netty-resolver-4.1.100.Final.jar:/Users/mac/.m2/repository/io/netty/netty-transport/4.1.100.Final/netty-transport-4.1.100.Final.jar:/Users/mac/.m2/repository/io/netty/netty-codec/4.1.100.Final/netty-codec-4.1.100.Final.jar:/Users/mac/.m2/repository/io/netty/netty-codec-dns/4.1.100.Final/netty-codec-dns-4.1.100.Final.jar:/Users/mac/.m2/repository/io/netty/netty-handler/4.1.100.Final/netty-handler-4.1.100.Final.jar:/Users/mac/.m2/repository/io/netty/netty-transport-native-unix-common/4.1.100.Final/netty-transport-native-unix-common-4.1.100.Final.jar:/Users/mac/.m2/repository/org/springframework/boot/spring-boot-autoconfigure/3.1.5/spring-boot-autoconfigure-3.1.5.jar:/Users/mac/.m2/repository/org/springframework/boot/spring-boot/3.1.5/spring-boot-3.1.5.jar:/Users/mac/.m2/repository/org/springframework/boot/spring-boot-configuration-processor/3.1.5/spring-boot-configuration-processor-3.1.5.jar:/Users/mac/.m2/repository/org/projectlombok/lombok/1.18.30/lombok-1.18.30.jar:"/>
    <property name="sun.cpu.endian" value="little"/>
    <property name="user.home" value="/Users/mac"/>
    <property name="user.language" value="en"/>
    <property name="java.specification.vendor" value="Oracle Corporation"/>
    <property name="java.version.date" value="2024-10-15"/>
    <property name="java.home" value="/opt/homebrew/Cellar/openjdk/23.0.1/libexec/openjdk.jdk/Contents/Home"/>
    <property name="file.separator" value="/"/>
    <property name="basedir" value="/Users/mac/Desktop/slideshow-management/add-slideshow-api"/>
    <property name="java.vm.compressedOopsMode" value="Zero based"/>
    <property name="line.separator" value="&#10;"/>
    <property name="java.vm.specification.vendor" value="Oracle Corporation"/>
    <property name="java.specification.name" value="Java Platform API Specification"/>
    <property name="FILE_LOG_CHARSET" value="UTF-8"/>
    <property name="java.awt.headless" value="true"/>
    <property name="apple.awt.application.name" value="ForkedBooter"/>
    <property name="surefire.real.class.path" value="/Users/mac/Desktop/slideshow-management/add-slideshow-api/target/surefire/surefirebooter-20241228222739263_17.jar"/>
    <property name="sun.management.compiler" value="HotSpot 64-Bit Tiered Compilers"/>
    <property name="ftp.nonProxyHosts" value="local|*.local|169.254/16|*.169.254/16"/>
    <property name="java.runtime.version" value="23.0.1"/>
    <property name="user.name" value="mac"/>
    <property name="stdout.encoding" value="UTF-8"/>
    <property name="path.separator" value=":"/>
    <property name="os.version" value="15.0.1"/>
    <property name="java.runtime.name" value="OpenJDK Runtime Environment"/>
    <property name="file.encoding" value="UTF-8"/>
    <property name="java.vm.name" value="OpenJDK 64-Bit Server VM"/>
    <property name="java.vendor.version" value="Homebrew"/>
    <property name="localRepository" value="/Users/mac/.m2/repository"/>
    <property name="java.vendor.url.bug" value="https://github.com/Homebrew/homebrew-core/issues"/>
    <property name="java.io.tmpdir" value="/var/folders/v4/z5h4mwv96n3_vqr0zrm7v_rm0000gn/T/"/>
    <property name="java.version" value="23.0.1"/>
    <property name="user.dir" value="/Users/mac/Desktop/slideshow-management/add-slideshow-api"/>
    <property name="os.arch" value="aarch64"/>
    <property name="java.vm.specification.name" value="Java Virtual Machine Specification"/>
    <property name="PID" value="90711"/>
    <property name="CONSOLE_LOG_CHARSET" value="UTF-8"/>
    <property name="native.encoding" value="UTF-8"/>
    <property name="java.library.path" value="/Users/mac/Library/Java/Extensions:/Library/Java/Extensions:/Network/Library/Java/Extensions:/System/Library/Java/Extensions:/usr/lib/java:."/>
    <property name="java.vm.info" value="mixed mode, sharing"/>
    <property name="stderr.encoding" value="UTF-8"/>
    <property name="java.vendor" value="Homebrew"/>
    <property name="java.vm.version" value="23.0.1"/>
    <property name="sun.io.unicode.encoding" value="UnicodeBig"/>
    <property name="socksNonProxyHosts" value="local|*.local|169.254/16|*.169.254/16"/>
    <property name="java.class.version" value="67.0"/>
  </properties>
  <testcase name="testAddSlideshow_whenImagesNotFound_ExpectError" classname="com.github.nazdov.slideshow.service.AddSlideshowServiceTest" time="0.588">
    <system-out><![CDATA[&amp#27;[2m2024-12-28T22:27:41.116+02:00&amp#27;[0;39m &amp#27;[32m INFO&amp#27;[0;39m &amp#27;[35m90711&amp#27;[0;39m &amp#27;[2m---&amp#27;[0;39m &amp#27;[2m[           main]&amp#27;[0;39m &amp#27;[36mt.c.s.AnnotationConfigContextLoaderUtils&amp#27;[0;39m &amp#27;[2m:&amp#27;[0;39m Could not detect default configuration classes for test class [com.github.nazdov.slideshow.service.AddSlideshowServiceTest]: AddSlideshowServiceTest does not declare any static, non-private, non-final, nested classes annotated with @Configuration.
&amp#27;[2m2024-12-28T22:27:41.125+02:00&amp#27;[0;39m &amp#27;[32m INFO&amp#27;[0;39m &amp#27;[35m90711&amp#27;[0;39m &amp#27;[2m---&amp#27;[0;39m &amp#27;[2m[           main]&amp#27;[0;39m &amp#27;[36m.b.t.c.SpringBootTestContextBootstrapper&amp#27;[0;39m &amp#27;[2m:&amp#27;[0;39m Found @SpringBootConfiguration com.github.nazdov.slideshow.AddSlideshowApplication for test class com.github.nazdov.slideshow.service.AddSlideshowServiceTest
&amp#27;[2m2024-12-28T22:27:41.162+02:00&amp#27;[0;39m &amp#27;[32m INFO&amp#27;[0;39m &amp#27;[35m90711&amp#27;[0;39m &amp#27;[2m---&amp#27;[0;39m &amp#27;[2m[           main]&amp#27;[0;39m &amp#27;[36mo.t.utility.ImageNameSubstitutor        &amp#27;[0;39m &amp#27;[2m:&amp#27;[0;39m Image name substitution will be performed by: DefaultImageNameSubstitutor (composite of 'ConfigurationFileImageNameSubstitutor' and 'PrefixingImageNameSubstitutor')
&amp#27;[2m2024-12-28T22:27:41.251+02:00&amp#27;[0;39m &amp#27;[32m INFO&amp#27;[0;39m &amp#27;[35m90711&amp#27;[0;39m &amp#27;[2m---&amp#27;[0;39m &amp#27;[2m[           main]&amp#27;[0;39m &amp#27;[36mo.t.d.DockerClientProviderStrategy      &amp#27;[0;39m &amp#27;[2m:&amp#27;[0;39m Loaded org.testcontainers.dockerclient.UnixSocketClientProviderStrategy from ~/.testcontainers.properties, will try it first
&amp#27;[2m2024-12-28T22:27:41.832+02:00&amp#27;[0;39m &amp#27;[32m INFO&amp#27;[0;39m &amp#27;[35m90711&amp#27;[0;39m &amp#27;[2m---&amp#27;[0;39m &amp#27;[2m[           main]&amp#27;[0;39m &amp#27;[36mo.t.d.DockerClientProviderStrategy      &amp#27;[0;39m &amp#27;[2m:&amp#27;[0;39m Found Docker environment with local Unix socket (unix:///var/run/docker.sock)
&amp#27;[2m2024-12-28T22:27:41.837+02:00&amp#27;[0;39m &amp#27;[32m INFO&amp#27;[0;39m &amp#27;[35m90711&amp#27;[0;39m &amp#27;[2m---&amp#27;[0;39m &amp#27;[2m[           main]&amp#27;[0;39m &amp#27;[36morg.testcontainers.DockerClientFactory  &amp#27;[0;39m &amp#27;[2m:&amp#27;[0;39m Docker host IP address is localhost
&amp#27;[2m2024-12-28T22:27:41.876+02:00&amp#27;[0;39m &amp#27;[32m INFO&amp#27;[0;39m &amp#27;[35m90711&amp#27;[0;39m &amp#27;[2m---&amp#27;[0;39m &amp#27;[2m[           main]&amp#27;[0;39m &amp#27;[36morg.testcontainers.DockerClientFactory  &amp#27;[0;39m &amp#27;[2m:&amp#27;[0;39m Connected to docker: 
  Server Version: 20.10.16
  API Version: 1.41
  Operating System: Docker Desktop
  Total Memory: 3933 MB
&amp#27;[2m2024-12-28T22:27:42.193+02:00&amp#27;[0;39m &amp#27;[32m INFO&amp#27;[0;39m &amp#27;[35m90711&amp#27;[0;39m &amp#27;[2m---&amp#27;[0;39m &amp#27;[2m[           main]&amp#27;[0;39m &amp#27;[36mtc.testcontainers/ryuk:0.5.1            &amp#27;[0;39m &amp#27;[2m:&amp#27;[0;39m Creating container for image: testcontainers/ryuk:0.5.1
&amp#27;[2m2024-12-28T22:27:42.892+02:00&amp#27;[0;39m &amp#27;[32m INFO&amp#27;[0;39m &amp#27;[35m90711&amp#27;[0;39m &amp#27;[2m---&amp#27;[0;39m &amp#27;[2m[           main]&amp#27;[0;39m &amp#27;[36mtc.testcontainers/ryuk:0.5.1            &amp#27;[0;39m &amp#27;[2m:&amp#27;[0;39m Container testcontainers/ryuk:0.5.1 is starting: eaac6e6bb3648fc775d5b415db86ec8b063c7718f16fa50b617b750c2d9699ef
&amp#27;[2m2024-12-28T22:27:46.202+02:00&amp#27;[0;39m &amp#27;[32m INFO&amp#27;[0;39m &amp#27;[35m90711&amp#27;[0;39m &amp#27;[2m---&amp#27;[0;39m &amp#27;[2m[           main]&amp#27;[0;39m &amp#27;[36mtc.testcontainers/ryuk:0.5.1            &amp#27;[0;39m &amp#27;[2m:&amp#27;[0;39m Container testcontainers/ryuk:0.5.1 started in PT4.317273S
&amp#27;[2m2024-12-28T22:27:46.226+02:00&amp#27;[0;39m &amp#27;[32m INFO&amp#27;[0;39m &amp#27;[35m90711&amp#27;[0;39m &amp#27;[2m---&amp#27;[0;39m &amp#27;[2m[           main]&amp#27;[0;39m &amp#27;[36mo.t.utility.RyukResourceReaper          &amp#27;[0;39m &amp#27;[2m:&amp#27;[0;39m Ryuk started - will monitor and terminate Testcontainers containers on JVM exit
&amp#27;[2m2024-12-28T22:27:46.228+02:00&amp#27;[0;39m &amp#27;[32m INFO&amp#27;[0;39m &amp#27;[35m90711&amp#27;[0;39m &amp#27;[2m---&amp#27;[0;39m &amp#27;[2m[           main]&amp#27;[0;39m &amp#27;[36morg.testcontainers.DockerClientFactory  &amp#27;[0;39m &amp#27;[2m:&amp#27;[0;39m Checking the system...
&amp#27;[2m2024-12-28T22:27:46.230+02:00&amp#27;[0;39m &amp#27;[32m INFO&amp#27;[0;39m &amp#27;[35m90711&amp#27;[0;39m &amp#27;[2m---&amp#27;[0;39m &amp#27;[2m[           main]&amp#27;[0;39m &amp#27;[36morg.testcontainers.DockerClientFactory  &amp#27;[0;39m &amp#27;[2m:&amp#27;[0;39m ✔︎ Docker server version should be at least 1.6.0
&amp#27;[2m2024-12-28T22:27:46.240+02:00&amp#27;[0;39m &amp#27;[32m INFO&amp#27;[0;39m &amp#27;[35m90711&amp#27;[0;39m &amp#27;[2m---&amp#27;[0;39m &amp#27;[2m[           main]&amp#27;[0;39m &amp#27;[36mtc.mysql:8.0                            &amp#27;[0;39m &amp#27;[2m:&amp#27;[0;39m Creating container for image: mysql:8.0
&amp#27;[2m2024-12-28T22:27:47.537+02:00&amp#27;[0;39m &amp#27;[32m INFO&amp#27;[0;39m &amp#27;[35m90711&amp#27;[0;39m &amp#27;[2m---&amp#27;[0;39m &amp#27;[2m[           main]&amp#27;[0;39m &amp#27;[36mtc.mysql:8.0                            &amp#27;[0;39m &amp#27;[2m:&amp#27;[0;39m Container mysql:8.0 is starting: 23e4b2c9ce21c81892c4777fd54a414990cbba895d9ded39c576b80ce1a58a87
&amp#27;[2m2024-12-28T22:27:49.652+02:00&amp#27;[0;39m &amp#27;[32m INFO&amp#27;[0;39m &amp#27;[35m90711&amp#27;[0;39m &amp#27;[2m---&amp#27;[0;39m &amp#27;[2m[           main]&amp#27;[0;39m &amp#27;[36mtc.mysql:8.0                            &amp#27;[0;39m &amp#27;[2m:&amp#27;[0;39m Waiting for database connection to become available at jdbc:mysql://localhost:61121/sm-db using query 'SELECT 1'
&amp#27;[2m2024-12-28T22:28:05.127+02:00&amp#27;[0;39m &amp#27;[32m INFO&amp#27;[0;39m &amp#27;[35m90711&amp#27;[0;39m &amp#27;[2m---&amp#27;[0;39m &amp#27;[2m[           main]&amp#27;[0;39m &amp#27;[36mtc.mysql:8.0                            &amp#27;[0;39m &amp#27;[2m:&amp#27;[0;39m Container mysql:8.0 started in PT18.882082S
&amp#27;[2m2024-12-28T22:28:05.152+02:00&amp#27;[0;39m &amp#27;[32m INFO&amp#27;[0;39m &amp#27;[35m90711&amp#27;[0;39m &amp#27;[2m---&amp#27;[0;39m &amp#27;[2m[           main]&amp#27;[0;39m &amp#27;[36mtc.mysql:8.0                            &amp#27;[0;39m &amp#27;[2m:&amp#27;[0;39m Container is started (JDBC URL: jdbc:mysql://localhost:61121/sm-db)
&amp#27;[2m2024-12-28T22:28:05.162+02:00&amp#27;[0;39m &amp#27;[32m INFO&amp#27;[0;39m &amp#27;[35m90711&amp#27;[0;39m &amp#27;[2m---&amp#27;[0;39m &amp#27;[2m[           main]&amp#27;[0;39m &amp#27;[36morg.testcontainers.ext.ScriptUtils      &amp#27;[0;39m &amp#27;[2m:&amp#27;[0;39m Executing database script from init.sql
&amp#27;[2m2024-12-28T22:28:05.260+02:00&amp#27;[0;39m &amp#27;[32m INFO&amp#27;[0;39m &amp#27;[35m90711&amp#27;[0;39m &amp#27;[2m---&amp#27;[0;39m &amp#27;[2m[           main]&amp#27;[0;39m &amp#27;[36morg.testcontainers.ext.ScriptUtils      &amp#27;[0;39m &amp#27;[2m:&amp#27;[0;39m Executed database script from init.sql in 98 ms.

  .   ____          _            __ _ _
 /\\ / ___'_ __ _ _(_)_ __  __ _ \ \ \ \
( ( )\___ | '_ | '_| | '_ \/ _` | \ \ \ \
 \\/  ___)| |_)| | | | | || (_| |  ) ) ) )
  '  |____| .__|_| |_|_| |_\__, | / / / /
 =========|_|==============|___/=/_/_/_/
&amp#27;[32m :: Spring Boot :: &amp#27;[39m              &amp#27;[2m (v3.1.5)&amp#27;[0;39m

&amp#27;[2m2024-12-28T22:28:05.511+02:00&amp#27;[0;39m &amp#27;[32m INFO&amp#27;[0;39m &amp#27;[35m90711&amp#27;[0;39m &amp#27;[2m---&amp#27;[0;39m &amp#27;[2m[           main]&amp#27;[0;39m &amp#27;[36mc.g.n.s.service.AddSlideshowServiceTest &amp#27;[0;39m &amp#27;[2m:&amp#27;[0;39m Starting AddSlideshowServiceTest using Java 23.0.1 with PID 90711 (started by mac in /Users/mac/Desktop/slideshow-management/add-slideshow-api)
&amp#27;[2m2024-12-28T22:28:05.511+02:00&amp#27;[0;39m &amp#27;[32m INFO&amp#27;[0;39m &amp#27;[35m90711&amp#27;[0;39m &amp#27;[2m---&amp#27;[0;39m &amp#27;[2m[           main]&amp#27;[0;39m &amp#27;[36mc.g.n.s.service.AddSlideshowServiceTest &amp#27;[0;39m &amp#27;[2m:&amp#27;[0;39m The following 1 profile is active: "test"
&amp#27;[2m2024-12-28T22:28:06.316+02:00&amp#27;[0;39m &amp#27;[32m INFO&amp#27;[0;39m &amp#27;[35m90711&amp#27;[0;39m &amp#27;[2m---&amp#27;[0;39m &amp#27;[2m[           main]&amp#27;[0;39m &amp#27;[36m.s.d.r.c.RepositoryConfigurationDelegate&amp#27;[0;39m &amp#27;[2m:&amp#27;[0;39m Bootstrapping Spring Data R2DBC repositories in DEFAULT mode.
&amp#27;[2m2024-12-28T22:28:06.388+02:00&amp#27;[0;39m &amp#27;[32m INFO&amp#27;[0;39m &amp#27;[35m90711&amp#27;[0;39m &amp#27;[2m---&amp#27;[0;39m &amp#27;[2m[           main]&amp#27;[0;39m &amp#27;[36m.s.d.r.c.RepositoryConfigurationDelegate&amp#27;[0;39m &amp#27;[2m:&amp#27;[0;39m Finished Spring Data repository scanning in 61 ms. Found 2 R2DBC repository interfaces.
&amp#27;[2m2024-12-28T22:28:06.803+02:00&amp#27;[0;39m &amp#27;[32m INFO&amp#27;[0;39m &amp#27;[35m90711&amp#27;[0;39m &amp#27;[2m---&amp#27;[0;39m &amp#27;[2m[           main]&amp#27;[0;39m &amp#27;[36mc.g.n.s.service.AddSlideshowServiceTest &amp#27;[0;39m &amp#27;[2m:&amp#27;[0;39m Started AddSlideshowServiceTest in 1.332 seconds (process running for 27.491)
&amp#27;[2m2024-12-28T22:28:07.055+02:00&amp#27;[0;39m &amp#27;[31mERROR&amp#27;[0;39m &amp#27;[35m90711&amp#27;[0;39m &amp#27;[2m---&amp#27;[0;39m &amp#27;[2m[       single-1]&amp#27;[0;39m &amp#27;[36mi.n.r.d.DnsServerAddressStreamProviders &amp#27;[0;39m &amp#27;[2m:&amp#27;[0;39m Unable to load io.netty.resolver.dns.macos.MacOSDnsServerAddressStreamProvider, fallback to system defaults. This may result in incorrect DNS resolutions on MacOS. Check whether you have a dependency on 'io.netty:netty-resolver-dns-native-macos'. Use DEBUG level to see the full stack: java.lang.UnsatisfiedLinkError: failed to load the required native library
]]></system-out>
  </testcase>
  <testcase name="testAddSlideshow_withValidIds_Created" classname="com.github.nazdov.slideshow.service.AddSlideshowServiceTest" time="0.106"/>
  <testcase name="testAddSlideshow_withValidUrls_Created" classname="com.github.nazdov.slideshow.service.AddSlideshowServiceTest" time="0.059"/>
</testsuite>